e:\visualworkplace\project1\project1\x64\debug\vc143.pdb
e:\visualworkplace\project1\project1\x64\debug\vc143.idb
e:\visualworkplace\project1\project1\x64\debug\unetonnx.obj
e:\visualworkplace\project1\project1\x64\debug\splicingboard.obj
e:\visualworkplace\project1\project1\x64\debug\solderdefectai.obj
e:\visualworkplace\project1\project1\x64\debug\onnx.obj
e:\visualworkplace\project1\project1\x64\debug\main.obj
e:\visualworkplace\project1\project1\x64\debug\halconmatch.obj
e:\visualworkplace\project1\project1\x64\debug\fov_puzzle.obj
e:\visualworkplace\project1\project1\x64\debug\edline.obj
e:\visualworkplace\project1\project1\x64\debug\cameracalibration.obj
e:\visualworkplace\project1\project1\x64\debug\patchdetection.obj
e:\visualworkplace\project1\project1\x64\debug\parseqocr.obj
e:\visualworkplace\project1\project1\x64\debug\fovtest.obj
e:\visualworkplace\project1\project1\x64\debug\fovrouteplan.obj
e:\visualworkplace\project1\project1\x64\debug\colormethod.obj
e:\visualworkplace\project1\project1\x64\debug\bisenetopenvion.obj
e:\visualworkplace\project1\project1\x64\debug\aialgorithmtodetectsolderjointdefects.obj
e:\visualworkplace\project1\project1\x64\debug\fovtest.h.ifc
e:\visualworkplace\project1\project1\x64\debug\fovtest.h.ifc.d.json
e:\visualworkplace\project1\project1\x64\debug\fovtest.h.obj
e:\visualworkplace\project1\project1\x64\debug\eliminateyolobackground.obj
e:\visualworkplace\project1\x64\debug\project1.exe
e:\visualworkplace\project1\project1\x64\debug\project1.ilk
e:\visualworkplace\project1\x64\debug\project1.pdb
e:\visualworkplace\project1\project1\x64\debug\fovtest.h.module.json
e:\visualworkplace\project1\project1\x64\debug\project1.tlog\cl.command.1.tlog
e:\visualworkplace\project1\project1\x64\debug\project1.tlog\cl.items.tlog
e:\visualworkplace\project1\project1\x64\debug\project1.tlog\cl.read.1.tlog
e:\visualworkplace\project1\project1\x64\debug\project1.tlog\cl.write.1.tlog
e:\visualworkplace\project1\project1\x64\debug\project1.tlog\link.command.1.tlog
e:\visualworkplace\project1\project1\x64\debug\project1.tlog\link.read.1.tlog
e:\visualworkplace\project1\project1\x64\debug\project1.tlog\link.write.1.tlog
e:\visualworkplace\project1\project1\x64\debug\project1_md.tlog\cl.command.1.tlog
e:\visualworkplace\project1\project1\x64\debug\project1_md.tlog\microsoft.build.cpptasks.cl.read.1.tlog
e:\visualworkplace\project1\project1\x64\debug\project1_md.tlog\microsoft.build.cpptasks.cl.write.1.tlog
